T3758 000:001.252   SEGGER J-Link V9.14a Log File
T3758 000:001.345   DLL Compiled: Jan 28 2026 17:11:52
T3758 000:001.349   Logging started @ 2026-04-29 16:49
T3758 000:001.352   Process: C:\Users\ASUS\.eclipse\com.renesas.platform_1435879475\DebugComp\RA\e2-server-gdb.exe
T3758 000:001.361 - 1.357ms 
T3758 000:001.373 JLINK_GetDLLVersion()
T3758 000:001.376 - 0.004ms returns 91401
T3758 000:003.521 JLINK_OpenEx(...)
T3758 000:010.002   Firmware: J-Link OB-S124 compiled Dec 10 2025 15:52:46
T3758 000:011.809   Firmware: J-Link OB-S124 compiled Dec 10 2025 15:52:46
T3758 000:039.773   Hardware: V1.00
T3758 000:039.817   S/N: 831895436
T3758 000:039.824   OEM: SEGGER
T3758 000:039.837   Feature(s): None
T3758 000:042.049   Bootloader: 2019 Oct 15
T3758 000:043.739   USB speed mode: Full speed (12 MBit/s)
T3758 000:044.708   TELNET listener socket opened on port 19021
T3758 000:044.828   WEBSRV WEBSRV_Init(): Starting webserver thread(s)
T3758 000:044.967   WEBSRV Webserver running on local port 19080
T3758 000:045.058   Looking for J-Link GUI Server exe at: C:\Users\ASUS\.eclipse\com.renesas.platform_1435879475\DebugComp\RA\ARM\Segger_v9.14.1\JLinkGUIServer.exe
T3758 000:045.194   Looking for J-Link GUI Server exe at: \JLinkGUIServer.exe
T3758 000:349.979   Failed to connect to J-Link GUI Server.
T3758 000:350.054 - 346.517ms returns "O.K."
T3758 000:350.268 JLINK_ExecCommand("ProjectFile=D:\1_WorkSpace\FW\Renesas\CK_RA6M5---I2C/i2c_prj Debug_Flat.jlink", ...). 
T3758 000:368.050 - 17.786ms returns 0x00
T3758 000:368.325 JLINK_ExecCommand("device=R7FA6M5BH", ...). 
T3758 000:369.210   Flash bank @ 0x0100A100: SFL: Parsing sectorization info from ELF file
T3758 000:369.222     FlashDevice.SectorInfo[0]: .SectorSize = 0x00000010, .SectorStartAddr = 0x00000000
T3758 000:369.228   FlashBank @0x0100A100: Sectorization info from SFL ELF file ignored because sectorization override from DLL / XML file is active.
T3758 000:369.250   Flash bank @ 0x00000000: SFL: Parsing sectorization info from ELF file
T3758 000:369.256     FlashDevice.SectorInfo[0]: .SectorSize = 0x00002000, .SectorStartAddr = 0x00000000
T3758 000:369.261   FlashBank @0x00000000: Sectorization info from SFL ELF file ignored because sectorization override from DLL / XML file is active.
T3758 000:369.596   Flash bank @ 0x08000000: SFL: Parsing sectorization info from ELF file
T3758 000:369.606     FlashDevice.SectorInfo[0]: .SectorSize = 0x00000040, .SectorStartAddr = 0x00000000
T3758 000:369.612   FlashBank @0x08000000: Sectorization info from SFL ELF file ignored because sectorization override from DLL / XML file is active.
T3758 000:369.662   Flash bank @ 0x60000000: SFL: Parsing sectorization info from ELF file
T3758 000:369.669     FlashDevice.SectorInfo[0]: .SectorSize = 0x00010000, .SectorStartAddr = 0x00000000
T3758 000:372.735   Device "R7FA6M5BH" selected.
T3758 000:372.998 - 4.672ms returns 0x00
T3758 000:373.010 JLINK_TIF_GetAvailable(...)
T3758 000:373.598 - 0.587ms 
T3758 000:373.616 JLINK_TIF_Select(JLINKARM_TIF_SWD)
T3758 000:375.645 - 2.028ms returns 0x00
T3758 000:375.661 JLINK_SetSpeed(4000)
T3758 000:375.957 - 0.298ms 
T3758 000:375.973 JLINK_ReadMem(0xE000EDF0, 0x4 Bytes, ...)
T3758 000:376.472   ConfigTargetSettings() start
T3758 000:376.477    J-Link Script File: Executing ConfigTargetSettings()
T3758 000:376.484   Configuring FlashDLNoRMWThreshold=0x200 in order to make sure that option bytes programming is done via read-modify-write
T3758 000:403.958   ConfigTargetSettings() end - Took 27.4ms
T3758 000:403.977   InitTarget() start
T3758 000:403.982    J-Link Script File: Executing InitTarget()
T3758 000:403.989   SWD selected. Executing JTAG -> SWD switching sequence.
T3758 000:408.365   DAP initialized successfully.
T3758 000:408.378   Determining TrustZone configuration...
T3758 000:411.230     Secure Debug: Enabled (SSD)
T3758 000:411.266   Determining currently configured transfer type by reading the AHB-AP CSW register.
T3758 000:413.437     --> Correct transfer type configured. Done.
T3758 000:413.454   InitTarget() end - Took 9.47ms
T3758 000:414.989   Found SW-DP with ID 0x6BA02477
T3758 000:420.386   DPIDR: 0x6BA02477
T3758 000:420.394   CoreSight SoC-400 or earlier
T3758 000:420.401   Scanning AP map to find all available APs
T3758 000:423.116   AP[2]: Stopped AP scan as end of AP map has been reached
T3758 000:423.125   AP[0]: AHB-AP (IDR: 0x84770001, ADDR: 0x00000000)
T3758 000:423.131   AP[1]: APB-AP (IDR: 0x54770002, ADDR: 0x01000000)
T3758 000:423.139   Iterating through AP map to find AHB-AP to use
T3758 000:425.031   AP[0]: Core found
T3758 000:425.039   AP[0]: AHB-AP ROM base: 0xE00FE000
T3758 000:426.085   CPUID register: 0x410FD214. Implementer code: 0x41 (ARM)
T3758 000:426.095   Feature set: Mainline
T3758 000:427.196   Cache: No cache
T3758 000:427.232   Found Cortex-M33 r0p4, Little endian.
T3758 000:428.340   -- Max. mem block: 0x00001B60
T3758 000:430.329   CPU_ReadMem(4 bytes @ 0xE000EDF0)
T3758 000:431.501   CPU_ReadMem(4 bytes @ 0xE0002000)
T3758 000:432.407   FPUnit: 8 code (BP) slots and 0 literal slots
T3758 000:432.424   CPU_ReadMem(4 bytes @ 0xE000EDFC)
T3758 000:433.411   CPU_ReadMem(4 bytes @ 0xE0001000)
T3758 000:434.253   CPU_ReadMem(4 bytes @ 0xE0001000)
T3758 000:435.124   CPU_ReadMem(4 bytes @ 0xE0001028)
T3758 000:436.043   CPU_ReadMem(4 bytes @ 0xE0001038)
T3758 000:436.970   CPU_ReadMem(4 bytes @ 0xE0001048)
T3758 000:437.886   CPU_ReadMem(4 bytes @ 0xE0001058)
T3758 000:438.869   CPU_WriteMem(4 bytes @ 0xE0001000)
T3758 000:439.880   CPU_ReadMem(4 bytes @ 0xE000ED88)
T3758 000:440.745   CPU_WriteMem(4 bytes @ 0xE000ED88)
T3758 000:441.670   CPU_ReadMem(4 bytes @ 0xE000ED88)
T3758 000:443.384   CPU_WriteMem(4 bytes @ 0xE000ED88)
T3758 000:444.392   CPU_ReadMem(4 bytes @ 0xE000EFB8)
T3758 000:445.376   Security extension: implemented
T3758 000:445.410   Secure debug: enabled
T3758 000:445.426   CoreSight components:
T3758 000:445.442   ROMTbl[0] @ E00FE000
T3758 000:445.458   CPU_ReadMem(64 bytes @ 0xE00FE000)
T3758 000:447.201   CPU_ReadMem(32 bytes @ 0xE0044FE0)
T3758 000:448.515   CPU_ReadMem(4 bytes @ 0xE0044FBC)
T3758 000:449.341   CPU_ReadMem(4 bytes @ 0xE0044FCC)
T3758 000:450.256   [0][0]: E0044000 CID B105900D PID 005BB906 DEVARCH 00000000 DEVTYPE 14 CTI (?)
T3758 000:450.275   CPU_ReadMem(32 bytes @ 0xE0047FE0)
T3758 000:451.452   CPU_ReadMem(4 bytes @ 0xE0047FBC)
T3758 000:452.361   CPU_ReadMem(4 bytes @ 0xE0047FCC)
T3758 000:453.203   [0][1]: E0047000 CID B105900D PID 003BB908 DEVARCH 00000000 DEVTYPE 12 CSTF
T3758 000:453.236   CPU_ReadMem(32 bytes @ 0xE0048FE0)
T3758 000:454.404   CPU_ReadMem(4 bytes @ 0xE0048FBC)
T3758 000:455.281   CPU_ReadMem(4 bytes @ 0xE0048FCC)
T3758 000:456.367   [0][2]: E0048000 CID B105900D PID 001BB961 DEVARCH 00000000 DEVTYPE 21 TMC
T3758 000:456.393   CPU_ReadMem(32 bytes @ 0xE0049FE0)
T3758 000:457.640   [0][3]: E0049000 CID B105F00D PID 001BB101 TSG
T3758 000:457.671   CPU_ReadMem(32 bytes @ 0xE0040FE0)
T3758 000:458.956   CPU_ReadMem(4 bytes @ 0xE0040FBC)
T3758 000:459.925   CPU_ReadMem(4 bytes @ 0xE0040FCC)
T3758 000:460.909   [0][4]: E0040000 CID B105900D PID 000BBD21 DEVARCH 00000000 DEVTYPE 11 TPIU
T3758 000:460.990   CPU_ReadMem(32 bytes @ 0xE00FFFE0)
T3758 000:462.484   [0][5]: E00FF000 CID B105100D PID 000BB4C9 ROM Table
T3758 000:462.516   ROMTbl[1] @ E00FF000
T3758 000:462.535   CPU_ReadMem(64 bytes @ 0xE00FF000)
T3758 000:464.217   CPU_ReadMem(32 bytes @ 0xE000EFE0)
T3758 000:465.424   CPU_ReadMem(4 bytes @ 0xE000EFBC)
T3758 000:466.317   CPU_ReadMem(4 bytes @ 0xE000EFCC)
T3758 000:467.236   [1][0]: E000E000 CID B105900D PID 000BBD21 DEVARCH 47702A04 DEVTYPE 00 Cortex-M33
T3758 000:467.257   CPU_ReadMem(32 bytes @ 0xE0001FE0)
T3758 000:468.558   CPU_ReadMem(4 bytes @ 0xE0001FBC)
T3758 000:469.485   CPU_ReadMem(4 bytes @ 0xE0001FCC)
T3758 000:470.397   [1][1]: E0001000 CID B105900D PID 000BBD21 DEVARCH 47701A02 DEVTYPE 00 DWT
T3758 000:470.419   CPU_ReadMem(32 bytes @ 0xE0002FE0)
T3758 000:471.697   CPU_ReadMem(4 bytes @ 0xE0002FBC)
T3758 000:472.622   CPU_ReadMem(4 bytes @ 0xE0002FCC)
T3758 000:473.535   [1][2]: E0002000 CID B105900D PID 000BBD21 DEVARCH 47701A03 DEVTYPE 00 FPB
T3758 000:473.557   CPU_ReadMem(32 bytes @ 0xE0000FE0)
T3758 000:474.824   CPU_ReadMem(4 bytes @ 0xE0000FBC)
T3758 000:475.670   CPU_ReadMem(4 bytes @ 0xE0000FCC)
T3758 000:476.955   [1][3]: E0000000 CID B105900D PID 000BBD21 DEVARCH 47701A01 DEVTYPE 43 ITM
T3758 000:477.017   CPU_ReadMem(32 bytes @ 0xE0041FE0)
T3758 000:478.438   CPU_ReadMem(4 bytes @ 0xE0041FBC)
T3758 000:479.450   CPU_ReadMem(4 bytes @ 0xE0041FCC)
T3758 000:480.364   [1][5]: E0041000 CID B105900D PID 002BBD21 DEVARCH 47724A13 DEVTYPE 13 ETM
T3758 000:480.375   CPU_ReadMem(32 bytes @ 0xE0042FE0)
T3758 000:481.604   CPU_ReadMem(4 bytes @ 0xE0042FBC)
T3758 000:482.542   CPU_ReadMem(4 bytes @ 0xE0042FCC)
T3758 000:483.419   [1][6]: E0042000 CID B105900D PID 000BBD21 DEVARCH 47701A14 DEVTYPE 14 CSS600-CTI
T3758 000:483.460   CPU_ReadMem(4 bytes @ 0xE000EDF0)
T3758 000:484.324   Data:  03 00 13 00
T3758 000:484.353   Debug reg: DHCSR
T3758 000:484.359 - 108.385ms returns 0
T3758 000:484.377 JLINK_ReadMem(0x400E002C, 0x4 Bytes, ...)
T3758 000:484.384   CPU_ReadMem(4 bytes @ 0x400E002C)
T3758 000:485.168   Data:  02 00 00 00
T3758 000:485.174 - 0.796ms returns 0
T3758 000:485.201 JLINK_ReadMem(0xE000EDF0, 0x4 Bytes, ...)
T3758 000:485.206   CPU_ReadMem(4 bytes @ 0xE000EDF0)
T3758 000:486.188   Data:  03 00 13 00
T3758 000:486.203   Debug reg: DHCSR
T3758 000:486.209 - 1.006ms returns 0
T3758 000:486.286 JLINK_ReadMem(0xE000EDF0, 0x4 Bytes, ...)
T3758 000:486.295   CPU_ReadMem(4 bytes @ 0xE000EDF0)
T3758 000:487.171   Data:  03 00 13 00
T3758 000:487.194   Debug reg: DHCSR
T3758 000:487.199 - 0.913ms returns 0
T3758 000:487.205 JLINK_ReadMem(0x400E001C, 0x4 Bytes, ...)
T3758 000:487.210   CPU_ReadMem(4 bytes @ 0x400E001C)
T3758 000:488.133   Data:  00 78 00 00
T3758 000:488.145 - 0.940ms returns 0
T3758 000:488.156 JLINK_ReadMem(0xE000EDF0, 0x4 Bytes, ...)
T3758 000:488.162   CPU_ReadMem(4 bytes @ 0xE000EDF0)
T3758 000:489.012   Data:  03 00 13 00
T3758 000:489.018   Debug reg: DHCSR
T3758 000:489.023 - 0.866ms returns 0
T3758 000:489.029 JLINK_ReadMem(0x400E0018, 0x4 Bytes, ...)
T3758 000:489.033   CPU_ReadMem(4 bytes @ 0x400E0018)
T3758 000:489.926   Data:  00 80 00 00
T3758 000:489.932 - 0.903ms returns 0
T3758 000:489.940 JLINK_ReadMem(0xE000EDF0, 0x4 Bytes, ...)
T3758 000:489.944   CPU_ReadMem(4 bytes @ 0xE000EDF0)
T3758 000:490.871   Data:  03 00 13 00
T3758 000:490.881   Debug reg: DHCSR
T3758 000:490.886 - 0.946ms returns 0
T3758 000:490.891 JLINK_ReadMem(0x400E0020, 0x4 Bytes, ...)
T3758 000:490.895   CPU_ReadMem(4 bytes @ 0x400E0020)
T3758 000:491.773   Data:  00 00 00 00
T3758 000:491.821 - 0.929ms returns 0
T3758 000:491.835 JLINK_ReadMem(0xE000EDF0, 0x4 Bytes, ...)
T3758 000:491.840   CPU_ReadMem(4 bytes @ 0xE000EDF0)
T3758 000:492.718   Data:  03 00 13 00
T3758 000:492.783   Debug reg: DHCSR
T3758 000:492.791 - 0.955ms returns 0
T3758 000:492.801 JLINK_ReadMem(0x400E0028, 0x4 Bytes, ...)
T3758 000:492.809   CPU_ReadMem(4 bytes @ 0x400E0028)
T3758 000:493.583   Data:  00 0C 00 00
T3758 000:493.589 - 0.788ms returns 0
T3758 000:493.596 JLINK_ReadMem(0xE000EDF0, 0x4 Bytes, ...)
T3758 000:493.600   CPU_ReadMem(4 bytes @ 0xE000EDF0)
T3758 000:494.487   Data:  03 00 13 00
T3758 000:494.502   Debug reg: DHCSR
T3758 000:494.506 - 0.910ms returns 0
T3758 000:494.511 JLINK_ReadMem(0x400E0024, 0x4 Bytes, ...)
T3758 000:494.515   CPU_ReadMem(4 bytes @ 0x400E0024)
T3758 000:495.414   Data:  00 20 00 00
T3758 000:495.444 - 0.933ms returns 0
T3758 000:495.451 JLINK_ReadMem(0xE000EDF0, 0x4 Bytes, ...)
T3758 000:495.455   CPU_ReadMem(4 bytes @ 0xE000EDF0)
T3758 000:496.361   Data:  03 00 13 00
T3758 000:496.367   Debug reg: DHCSR
T3758 000:496.371 - 0.920ms returns 0
T3758 000:496.376 JLINK_ReadMem(0x400E002C, 0x4 Bytes, ...)
T3758 000:496.380   CPU_ReadMem(4 bytes @ 0x400E002C)
T3758 000:497.105   Data:  02 00 00 00
T3758 000:497.113 - 0.737ms returns 0
T3758 000:497.122 JLINK_ReadMem(0xE000EDF0, 0x4 Bytes, ...)
T3758 000:497.129   CPU_ReadMem(4 bytes @ 0xE000EDF0)
T3758 000:497.879   Data:  03 00 13 00
T3758 000:497.887   Debug reg: DHCSR
T3758 000:497.893 - 0.769ms returns 0
T3758 000:497.899 JLINK_ReadMem(0x400E002C, 0x4 Bytes, ...)
T3758 000:497.904   CPU_ReadMem(4 bytes @ 0x400E002C)
T3758 000:498.761   Data:  02 00 00 00
T3758 000:498.767 - 0.868ms returns 0
T3758 000:504.951 JLINK_Close()
T3758 000:533.515 - 28.562ms
T3758 000:533.556   
T3758 000:533.566   Closed
